Messages
=========================
SPIM Version Version 7.4 of January 1, 2009
Copyright 1990-2004 by James R. Larus (larus@cs.wisc.edu).
All Rights Reserved.
DOS and Windows ports by David A. Carley (dac@cs.wisc.edu).
Copyright 1997 by Morgan Kaufmann Publishers, Inc.
See the file README for a full copyright notice.
Memory and registers cleared and the simulator reinitialized.

SPIM Version Version 7.4 of January 1, 2009
Copyright 1990-2004 by James R. Larus (larus@cs.wisc.edu).
All Rights Reserved.
DOS and Windows ports by David A. Carley (dac@cs.wisc.edu).
Copyright 1997 by Morgan Kaufmann Publishers, Inc.
See the file README for a full copyright notice.
C:\Users\bumaa\Desktop\lab10.asm successfully loaded
[0x00400000]        0x3c011000  lui $1, 4096                    ; 6: lui $1,0x1000
[0x00400004]        0x8c230000  lw $3, 0($1)                    ; 7: lw $3,0($1)
[0x00400008]        0x00000000  nop                             ; 8: sll $0,$0,0
[0x0040000c]        0x00000000  nop                             ; 9: sll $0,$0,0
Memory and registers cleared and the simulator reinitialized.

SPIM Version Version 7.4 of January 1, 2009
Copyright 1990-2004 by James R. Larus (larus@cs.wisc.edu).
All Rights Reserved.
DOS and Windows ports by David A. Carley (dac@cs.wisc.edu).
Copyright 1997 by Morgan Kaufmann Publishers, Inc.
See the file README for a full copyright notice.
C:\Users\bumaa\Desktop\lab10.asm successfully loaded
[0x00400000]        0x3c011000  lui $1, 4096                    ; 6: lui $1,0x1000
[0x00400004]        0x8c230000  lw $3, 0($1)                    ; 7: lw $3,0($1)
[0x00400008]        0x00000000  nop                             ; 8: sll $0,$0,0
[0x0040000c]        0x00000000  nop                             ; 9: sll $0,$0,0
[0x00400010]        0x00630018  mult $3, $3                     ; 10: mult $3,$3
[0x00400014]        0x00001812  mflo $3                         ; 11: mflo $3
[0x00400018]        0xac230004  sw $3, 4($1)                    ; 12: sw $3,4($1)
Memory and registers cleared and the simulator reinitialized.

SPIM Version Version 7.4 of January 1, 2009
Copyright 1990-2004 by James R. Larus (larus@cs.wisc.edu).
All Rights Reserved.
DOS and Windows ports by David A. Carley (dac@cs.wisc.edu).
Copyright 1997 by Morgan Kaufmann Publishers, Inc.
See the file README for a full copyright notice.
C:\Users\bumaa\Desktop\lab10.asm successfully loaded
[0x00400000]        0x3c011000  lui $1, 4096                    ; 7: lui $1,0x1000
[0x00400004]        0x8c230000  lw $3, 0($1)                    ; 8: lw $3,0($1)
[0x00400008]        0x00000000  nop                             ; 9: sll $0,$0,0
[0x0040000c]        0x00000000  nop                             ; 10: sll $0,$0,0
[0x00400010]        0x00630018  mult $3, $3                     ; 11: mult $3,$3
[0x00400014]        0x00001812  mflo $3                         ; 12: mflo $3
[0x00400018]        0xac230004  sw $3, 4($1)                    ; 13: sw $3,4($1)
[0x0040001c]        0x80220005  lb $2, 5($1)                    ; 14: lb $2,5($1)
[0x00400020]        0x00000000  nop                             ; 15: sll $0,$0,0
[0x00400024]        0x00000000  nop                             ; 16: sll $0,$0,0
[0x00400028]        0xa0230004  sb $3, 4($1)                    ; 17: sb $3,4($1)
Memory and registers cleared and the simulator reinitialized.

SPIM Version Version 7.4 of January 1, 2009
Copyright 1990-2004 by James R. Larus (larus@cs.wisc.edu).
All Rights Reserved.
DOS and Windows ports by David A. Carley (dac@cs.wisc.edu).
Copyright 1997 by Morgan Kaufmann Publishers, Inc.
See the file README for a full copyright notice.
C:\Users\bumaa\Desktop\lab10.asm successfully loaded
[0x00400000]        0x3c011000  lui $1, 4096                    ; 7: lui $1,0x1000
[0x00400004]        0x8c230000  lw $3, 0($1)                    ; 8: lw $3,0($1)
[0x00400008]        0x00000000  nop                             ; 9: sll $0,$0,0
[0x0040000c]        0x00000000  nop                             ; 10: sll $0,$0,0
[0x00400010]        0x00630018  mult $3, $3                     ; 11: mult $3,$3
[0x00400014]        0x00001812  mflo $3                         ; 12: mflo $3
[0x00400018]        0xac230004  sw $3, 4($1)                    ; 13: sw $3,4($1)
[0x0040001c]        0x90220005  lbu $2, 5($1)                   ; 14: lbu $2,5($1)
[0x00400020]        0x00000000  nop                             ; 15: sll $0,$0,0
[0x00400024]        0x00000000  nop                             ; 16: sll $0,$0,0
[0x00400028]        0xa0230007  sb $3, 7($1)                    ; 17: sb $3,7($1)


Registers
=========================
 PC      = 0040002c   EPC     = 00000000   Cause   = 00000000   BadVAddr= 00000000
 Status  = 3000ff10   HI      = 014b66dc   LO      = 1df4d840
                                 General Registers
R0  (r0) = 00000000  R8  (t0) = 00000000  R16 (s0) = 00000000  R24 (t8) = 00000000
R1  (at) = 10000000  R9  (t1) = 00000000  R17 (s1) = 00000000  R25 (t9) = 00000000
R2  (v0) = 000000d8  R10 (t2) = 00000000  R18 (s2) = 00000000  R26 (k0) = 00000000
R3  (v1) = 1df4d840  R11 (t3) = 00000000  R19 (s3) = 00000000  R27 (k1) = 00000000
R4  (a0) = 00000000  R12 (t4) = 00000000  R20 (s4) = 00000000  R28 (gp) = 00000000
R5  (a1) = 00000000  R13 (t5) = 00000000  R21 (s5) = 00000000  R29 (sp) = 7fffeffc
R6  (a2) = 00000000  R14 (t6) = 00000000  R22 (s6) = 00000000  R30 (s8) = 00000000
R7  (a3) = 00000000  R15 (t7) = 00000000  R23 (s7) = 00000000  R31 (ra) = 00000000

 FIR    = 00009800    FCSR    = 00000000    FCCR   = 00000000   FEXR    = 00000000
 FENR   = 00000000
                              Double Floating Point Registers
FP0  = 0.000000      FP8  = 0.000000      FP16 = 0.000000      FP24 = 0.000000     
FP2  = 0.000000      FP10 = 0.000000      FP18 = 0.000000      FP26 = 0.000000     
FP4  = 0.000000      FP12 = 0.000000      FP20 = 0.000000      FP28 = 0.000000     
FP6  = 0.000000      FP14 = 0.000000      FP22 = 0.000000      FP30 = 0.000000     
                              Single Floating Point Registers
FP0  = 0.000000      FP8  = 0.000000      FP16 = 0.000000      FP24 = 0.000000     
FP1  = 0.000000      FP9  = 0.000000      FP17 = 0.000000      FP25 = 0.000000     
FP2  = 0.000000      FP10 = 0.000000      FP18 = 0.000000      FP26 = 0.000000     
FP3  = 0.000000      FP11 = 0.000000      FP19 = 0.000000      FP27 = 0.000000     
FP4  = 0.000000      FP12 = 0.000000      FP20 = 0.000000      FP28 = 0.000000     
FP5  = 0.000000      FP13 = 0.000000      FP21 = 0.000000      FP29 = 0.000000     
FP6  = 0.000000      FP14 = 0.000000      FP22 = 0.000000      FP30 = 0.000000     
FP7  = 0.000000      FP15 = 0.000000      FP23 = 0.000000      FP31 = 0.000000     


Console
=========================


Text Segment
=========================
[0x00400000]        0x3c011000  lui $1, 4096                    ; 7: lui $1,0x1000
[0x00400004]        0x8c230000  lw $3, 0($1)                    ; 8: lw $3,0($1)
[0x00400008]        0x00000000  nop                             ; 9: sll $0,$0,0
[0x0040000c]        0x00000000  nop                             ; 10: sll $0,$0,0
[0x00400010]        0x00630018  mult $3, $3                     ; 11: mult $3,$3
[0x00400014]        0x00001812  mflo $3                         ; 12: mflo $3
[0x00400018]        0xac230004  sw $3, 4($1)                    ; 13: sw $3,4($1)
[0x0040001c]        0x90220005  lbu $2, 5($1)                   ; 14: lbu $2,5($1)
[0x00400020]        0x00000000  nop                             ; 15: sll $0,$0,0
[0x00400024]        0x00000000  nop                             ; 16: sll $0,$0,0
[0x00400028]        0xa0230007  sb $3, 7($1)                    ; 17: sb $3,7($1)

        KERNEL


Data Segment
=========================
        DATA
[0x10000000]                        0x12345678  0x40f4d840  0x00000000  0x00000000
[0x10000010]...[0x10040000]        0x00000000

        STACK
[0x7fffeffc]                        0x00000000

        KERNEL DATA
[0x90000000]...[0x90010000]        0x00000000


